<?xml version="1.0" encoding="UTF-8"?>
<testsuite xmlns:xsi="http://www.w3.org/2001/XMLSchema-instance" xsi:noNamespaceSchemaLocation="https://maven.apache.org/surefire/maven-surefire-plugin/xsd/surefire-test-report.xsd" version="3.0.2" name="TestSuite" time="6.092" tests="6" errors="0" skipped="0" failures="1">
  <properties>
    <property name="java.specification.version" value="17"/>
    <property name="sun.cpu.isalist" value="amd64"/>
    <property name="sun.jnu.encoding" value="UTF-8"/>
    <property name="java.class.path" value="D:\GithubProjects\API-Automation-Testing\target\test-classes;D:\GithubProjects\API-Automation-Testing\target\classes;C:\Users\ssonp\.m2\repository\org\apache\commons\commons-text\1.12.0\commons-text-1.12.0.jar;C:\Users\ssonp\.m2\repository\org\apache\commons\commons-lang3\3.14.0\commons-lang3-3.14.0.jar;C:\Users\ssonp\.m2\repository\com\h2database\h2\2.3.232\h2-2.3.232.jar;C:\Users\ssonp\.m2\repository\org\slf4j\slf4j-api\1.7.36\slf4j-api-1.7.36.jar;C:\Users\ssonp\.m2\repository\com\google\apis\google-api-services-drive\v3-rev20240628-2.0.0\google-api-services-drive-v3-rev20240628-2.0.0.jar;C:\Users\ssonp\.m2\repository\com\google\api-client\google-api-client\2.6.0\google-api-client-2.6.0.jar;C:\Users\ssonp\.m2\repository\com\google\oauth-client\google-oauth-client\1.36.0\google-oauth-client-1.36.0.jar;C:\Users\ssonp\.m2\repository\com\google\http-client\google-http-client-apache-v2\1.44.2\google-http-client-apache-v2-1.44.2.jar;C:\Users\ssonp\.m2\repository\org\apache\httpcomponents\httpcore\4.4.16\httpcore-4.4.16.jar;C:\Users\ssonp\.m2\repository\com\google\apis\google-api-services-sheets\v4-rev20240708-2.0.0\google-api-services-sheets-v4-rev20240708-2.0.0.jar;C:\Users\ssonp\.m2\repository\com\google\auth\google-auth-library-oauth2-http\1.23.0\google-auth-library-oauth2-http-1.23.0.jar;C:\Users\ssonp\.m2\repository\com\google\auto\value\auto-value-annotations\1.10.4\auto-value-annotations-1.10.4.jar;C:\Users\ssonp\.m2\repository\com\google\code\findbugs\jsr305\3.0.2\jsr305-3.0.2.jar;C:\Users\ssonp\.m2\repository\com\google\auth\google-auth-library-credentials\1.23.0\google-auth-library-credentials-1.23.0.jar;C:\Users\ssonp\.m2\repository\com\google\http-client\google-http-client\1.43.3\google-http-client-1.43.3.jar;C:\Users\ssonp\.m2\repository\com\google\j2objc\j2objc-annotations\3.0.0\j2objc-annotations-3.0.0.jar;C:\Users\ssonp\.m2\repository\io\opencensus\opencensus-api\0.31.1\opencensus-api-0.31.1.jar;C:\Users\ssonp\.m2\repository\io\grpc\grpc-context\1.27.2\grpc-context-1.27.2.jar;C:\Users\ssonp\.m2\repository\io\opencensus\opencensus-contrib-http-util\0.31.1\opencensus-contrib-http-util-0.31.1.jar;C:\Users\ssonp\.m2\repository\com\google\http-client\google-http-client-gson\1.44.2\google-http-client-gson-1.44.2.jar;C:\Users\ssonp\.m2\repository\com\google\code\gson\gson\2.10.1\gson-2.10.1.jar;C:\Users\ssonp\.m2\repository\com\google\guava\guava\33.1.0-jre\guava-33.1.0-jre.jar;C:\Users\ssonp\.m2\repository\com\google\guava\failureaccess\1.0.2\failureaccess-1.0.2.jar;C:\Users\ssonp\.m2\repository\com\google\guava\listenablefuture\9999.0-empty-to-avoid-conflict-with-guava\listenablefuture-9999.0-empty-to-avoid-conflict-with-guava.jar;C:\Users\ssonp\.m2\repository\org\checkerframework\checker-qual\3.42.0\checker-qual-3.42.0.jar;C:\Users\ssonp\.m2\repository\com\google\errorprone\error_prone_annotations\2.26.1\error_prone_annotations-2.26.1.jar;C:\Users\ssonp\.m2\repository\org\slf4j\slf4j-simple\1.7.36\slf4j-simple-1.7.36.jar;C:\Users\ssonp\.m2\repository\org\apache\logging\log4j\log4j-core\2.21.1\log4j-core-2.21.1.jar;C:\Users\ssonp\.m2\repository\org\apache\logging\log4j\log4j-api\2.23.1\log4j-api-2.23.1.jar;C:\Users\ssonp\.m2\repository\org\dhatim\fastexcel\0.17.0\fastexcel-0.17.0.jar;C:\Users\ssonp\.m2\repository\com\github\rzymek\opczip\1.2.0\opczip-1.2.0.jar;C:\Users\ssonp\.m2\repository\org\dhatim\fastexcel-reader\0.17.0\fastexcel-reader-0.17.0.jar;C:\Users\ssonp\.m2\repository\com\fasterxml\aalto-xml\1.3.2\aalto-xml-1.3.2.jar;C:\Users\ssonp\.m2\repository\org\codehaus\woodstox\stax2-api\4.2\stax2-api-4.2.jar;C:\Users\ssonp\.m2\repository\org\apache\commons\commons-compress\1.26.2\commons-compress-1.26.2.jar;C:\Users\ssonp\.m2\repository\org\apache\poi\poi-ooxml\5.3.0\poi-ooxml-5.3.0.jar;C:\Users\ssonp\.m2\repository\org\apache\poi\poi-ooxml-lite\5.3.0\poi-ooxml-lite-5.3.0.jar;C:\Users\ssonp\.m2\repository\org\apache\xmlbeans\xmlbeans\5.2.1\xmlbeans-5.2.1.jar;C:\Users\ssonp\.m2\repository\commons-io\commons-io\2.16.1\commons-io-2.16.1.jar;C:\Users\ssonp\.m2\repository\com\github\virtuald\curvesapi\1.08\curvesapi-1.08.jar;C:\Users\ssonp\.m2\repository\org\apache\commons\commons-collections4\4.4\commons-collections4-4.4.jar;C:\Users\ssonp\.m2\repository\org\apache\poi\poi\5.3.0\poi-5.3.0.jar;C:\Users\ssonp\.m2\repository\commons-codec\commons-codec\1.17.0\commons-codec-1.17.0.jar;C:\Users\ssonp\.m2\repository\org\apache\commons\commons-math3\3.6.1\commons-math3-3.6.1.jar;C:\Users\ssonp\.m2\repository\com\zaxxer\SparseBitSet\1.3\SparseBitSet-1.3.jar;C:\Users\ssonp\.m2\repository\io\rest-assured\rest-assured\5.5.0\rest-assured-5.5.0.jar;C:\Users\ssonp\.m2\repository\org\apache\groovy\groovy\4.0.22\groovy-4.0.22.jar;C:\Users\ssonp\.m2\repository\org\apache\groovy\groovy-xml\4.0.22\groovy-xml-4.0.22.jar;C:\Users\ssonp\.m2\repository\org\apache\httpcomponents\httpclient\4.5.14\httpclient-4.5.14.jar;C:\Users\ssonp\.m2\repository\commons-logging\commons-logging\1.2\commons-logging-1.2.jar;C:\Users\ssonp\.m2\repository\org\apache\httpcomponents\httpmime\4.5.13\httpmime-4.5.13.jar;C:\Users\ssonp\.m2\repository\org\hamcrest\hamcrest\2.2\hamcrest-2.2.jar;C:\Users\ssonp\.m2\repository\org\ccil\cowan\tagsoup\tagsoup\1.2.1\tagsoup-1.2.1.jar;C:\Users\ssonp\.m2\repository\io\rest-assured\xml-path\5.5.0\xml-path-5.5.0.jar;C:\Users\ssonp\.m2\repository\io\rest-assured\json-path\5.4.0\json-path-5.4.0.jar;C:\Users\ssonp\.m2\repository\org\apache\groovy\groovy-json\4.0.16\groovy-json-4.0.16.jar;C:\Users\ssonp\.m2\repository\io\rest-assured\rest-assured-common\5.5.0\rest-assured-common-5.5.0.jar;C:\Users\ssonp\.m2\repository\org\testng\testng\7.10.2\testng-7.10.2.jar;C:\Users\ssonp\.m2\repository\com\beust\jcommander\1.82\jcommander-1.82.jar;C:\Users\ssonp\.m2\repository\org\webjars\jquery\3.7.1\jquery-3.7.1.jar;"/>
    <property name="java.vm.vendor" value="Eclipse Adoptium"/>
    <property name="sun.arch.data.model" value="64"/>
    <property name="user.variant" value=""/>
    <property name="java.vendor.url" value="https://adoptium.net/"/>
    <property name="user.timezone" value="Asia/Bangkok"/>
    <property name="os.name" value="Windows 10"/>
    <property name="java.vm.specification.version" value="17"/>
    <property name="sun.java.launcher" value="SUN_STANDARD"/>
    <property name="user.country" value="US"/>
    <property name="sun.boot.library.path" value="C:\Users\ssonp\AppData\Local\Programs\Eclipse Adoptium\jdk-17.0.10.7-hotspot\bin"/>
    <property name="sun.java.command" value="C:\Users\ssonp\AppData\Local\Temp\surefire18022421558725916254\surefirebooter-20240925134957146_3.jar C:\Users\ssonp\AppData\Local\Temp\surefire18022421558725916254 2024-09-25T13-49-57_008-jvmRun1 surefire-20240925134957146_1tmp surefire_0-20240925134957146_2tmp"/>
    <property name="jdk.debug" value="release"/>
    <property name="surefire.test.class.path" value="D:\GithubProjects\API-Automation-Testing\target\test-classes;D:\GithubProjects\API-Automation-Testing\target\classes;C:\Users\ssonp\.m2\repository\org\apache\commons\commons-text\1.12.0\commons-text-1.12.0.jar;C:\Users\ssonp\.m2\repository\org\apache\commons\commons-lang3\3.14.0\commons-lang3-3.14.0.jar;C:\Users\ssonp\.m2\repository\com\h2database\h2\2.3.232\h2-2.3.232.jar;C:\Users\ssonp\.m2\repository\org\slf4j\slf4j-api\1.7.36\slf4j-api-1.7.36.jar;C:\Users\ssonp\.m2\repository\com\google\apis\google-api-services-drive\v3-rev20240628-2.0.0\google-api-services-drive-v3-rev20240628-2.0.0.jar;C:\Users\ssonp\.m2\repository\com\google\api-client\google-api-client\2.6.0\google-api-client-2.6.0.jar;C:\Users\ssonp\.m2\repository\com\google\oauth-client\google-oauth-client\1.36.0\google-oauth-client-1.36.0.jar;C:\Users\ssonp\.m2\repository\com\google\http-client\google-http-client-apache-v2\1.44.2\google-http-client-apache-v2-1.44.2.jar;C:\Users\ssonp\.m2\repository\org\apache\httpcomponents\httpcore\4.4.16\httpcore-4.4.16.jar;C:\Users\ssonp\.m2\repository\com\google\apis\google-api-services-sheets\v4-rev20240708-2.0.0\google-api-services-sheets-v4-rev20240708-2.0.0.jar;C:\Users\ssonp\.m2\repository\com\google\auth\google-auth-library-oauth2-http\1.23.0\google-auth-library-oauth2-http-1.23.0.jar;C:\Users\ssonp\.m2\repository\com\google\auto\value\auto-value-annotations\1.10.4\auto-value-annotations-1.10.4.jar;C:\Users\ssonp\.m2\repository\com\google\code\findbugs\jsr305\3.0.2\jsr305-3.0.2.jar;C:\Users\ssonp\.m2\repository\com\google\auth\google-auth-library-credentials\1.23.0\google-auth-library-credentials-1.23.0.jar;C:\Users\ssonp\.m2\repository\com\google\http-client\google-http-client\1.43.3\google-http-client-1.43.3.jar;C:\Users\ssonp\.m2\repository\com\google\j2objc\j2objc-annotations\3.0.0\j2objc-annotations-3.0.0.jar;C:\Users\ssonp\.m2\repository\io\opencensus\opencensus-api\0.31.1\opencensus-api-0.31.1.jar;C:\Users\ssonp\.m2\repository\io\grpc\grpc-context\1.27.2\grpc-context-1.27.2.jar;C:\Users\ssonp\.m2\repository\io\opencensus\opencensus-contrib-http-util\0.31.1\opencensus-contrib-http-util-0.31.1.jar;C:\Users\ssonp\.m2\repository\com\google\http-client\google-http-client-gson\1.44.2\google-http-client-gson-1.44.2.jar;C:\Users\ssonp\.m2\repository\com\google\code\gson\gson\2.10.1\gson-2.10.1.jar;C:\Users\ssonp\.m2\repository\com\google\guava\guava\33.1.0-jre\guava-33.1.0-jre.jar;C:\Users\ssonp\.m2\repository\com\google\guava\failureaccess\1.0.2\failureaccess-1.0.2.jar;C:\Users\ssonp\.m2\repository\com\google\guava\listenablefuture\9999.0-empty-to-avoid-conflict-with-guava\listenablefuture-9999.0-empty-to-avoid-conflict-with-guava.jar;C:\Users\ssonp\.m2\repository\org\checkerframework\checker-qual\3.42.0\checker-qual-3.42.0.jar;C:\Users\ssonp\.m2\repository\com\google\errorprone\error_prone_annotations\2.26.1\error_prone_annotations-2.26.1.jar;C:\Users\ssonp\.m2\repository\org\slf4j\slf4j-simple\1.7.36\slf4j-simple-1.7.36.jar;C:\Users\ssonp\.m2\repository\org\apache\logging\log4j\log4j-core\2.21.1\log4j-core-2.21.1.jar;C:\Users\ssonp\.m2\repository\org\apache\logging\log4j\log4j-api\2.23.1\log4j-api-2.23.1.jar;C:\Users\ssonp\.m2\repository\org\dhatim\fastexcel\0.17.0\fastexcel-0.17.0.jar;C:\Users\ssonp\.m2\repository\com\github\rzymek\opczip\1.2.0\opczip-1.2.0.jar;C:\Users\ssonp\.m2\repository\org\dhatim\fastexcel-reader\0.17.0\fastexcel-reader-0.17.0.jar;C:\Users\ssonp\.m2\repository\com\fasterxml\aalto-xml\1.3.2\aalto-xml-1.3.2.jar;C:\Users\ssonp\.m2\repository\org\codehaus\woodstox\stax2-api\4.2\stax2-api-4.2.jar;C:\Users\ssonp\.m2\repository\org\apache\commons\commons-compress\1.26.2\commons-compress-1.26.2.jar;C:\Users\ssonp\.m2\repository\org\apache\poi\poi-ooxml\5.3.0\poi-ooxml-5.3.0.jar;C:\Users\ssonp\.m2\repository\org\apache\poi\poi-ooxml-lite\5.3.0\poi-ooxml-lite-5.3.0.jar;C:\Users\ssonp\.m2\repository\org\apache\xmlbeans\xmlbeans\5.2.1\xmlbeans-5.2.1.jar;C:\Users\ssonp\.m2\repository\commons-io\commons-io\2.16.1\commons-io-2.16.1.jar;C:\Users\ssonp\.m2\repository\com\github\virtuald\curvesapi\1.08\curvesapi-1.08.jar;C:\Users\ssonp\.m2\repository\org\apache\commons\commons-collections4\4.4\commons-collections4-4.4.jar;C:\Users\ssonp\.m2\repository\org\apache\poi\poi\5.3.0\poi-5.3.0.jar;C:\Users\ssonp\.m2\repository\commons-codec\commons-codec\1.17.0\commons-codec-1.17.0.jar;C:\Users\ssonp\.m2\repository\org\apache\commons\commons-math3\3.6.1\commons-math3-3.6.1.jar;C:\Users\ssonp\.m2\repository\com\zaxxer\SparseBitSet\1.3\SparseBitSet-1.3.jar;C:\Users\ssonp\.m2\repository\io\rest-assured\rest-assured\5.5.0\rest-assured-5.5.0.jar;C:\Users\ssonp\.m2\repository\org\apache\groovy\groovy\4.0.22\groovy-4.0.22.jar;C:\Users\ssonp\.m2\repository\org\apache\groovy\groovy-xml\4.0.22\groovy-xml-4.0.22.jar;C:\Users\ssonp\.m2\repository\org\apache\httpcomponents\httpclient\4.5.14\httpclient-4.5.14.jar;C:\Users\ssonp\.m2\repository\commons-logging\commons-logging\1.2\commons-logging-1.2.jar;C:\Users\ssonp\.m2\repository\org\apache\httpcomponents\httpmime\4.5.13\httpmime-4.5.13.jar;C:\Users\ssonp\.m2\repository\org\hamcrest\hamcrest\2.2\hamcrest-2.2.jar;C:\Users\ssonp\.m2\repository\org\ccil\cowan\tagsoup\tagsoup\1.2.1\tagsoup-1.2.1.jar;C:\Users\ssonp\.m2\repository\io\rest-assured\xml-path\5.5.0\xml-path-5.5.0.jar;C:\Users\ssonp\.m2\repository\io\rest-assured\json-path\5.4.0\json-path-5.4.0.jar;C:\Users\ssonp\.m2\repository\org\apache\groovy\groovy-json\4.0.16\groovy-json-4.0.16.jar;C:\Users\ssonp\.m2\repository\io\rest-assured\rest-assured-common\5.5.0\rest-assured-common-5.5.0.jar;C:\Users\ssonp\.m2\repository\org\testng\testng\7.10.2\testng-7.10.2.jar;C:\Users\ssonp\.m2\repository\com\beust\jcommander\1.82\jcommander-1.82.jar;C:\Users\ssonp\.m2\repository\org\webjars\jquery\3.7.1\jquery-3.7.1.jar;"/>
    <property name="sun.cpu.endian" value="little"/>
    <property name="user.home" value="C:\Users\ssonp"/>
    <property name="user.language" value="en"/>
    <property name="java.specification.vendor" value="Oracle Corporation"/>
    <property name="java.version.date" value="2024-01-16"/>
    <property name="java.home" value="C:\Users\ssonp\AppData\Local\Programs\Eclipse Adoptium\jdk-17.0.10.7-hotspot"/>
    <property name="file.separator" value="\"/>
    <property name="basedir" value="D:\GithubProjects\API-Automation-Testing"/>
    <property name="java.vm.compressedOopsMode" value="Zero based"/>
    <property name="line.separator" value="&#10;"/>
    <property name="java.vm.specification.vendor" value="Oracle Corporation"/>
    <property name="java.specification.name" value="Java Platform API Specification"/>
    <property name="surefire.real.class.path" value="C:\Users\ssonp\AppData\Local\Temp\surefire18022421558725916254\surefirebooter-20240925134957146_3.jar"/>
    <property name="jdk.net.URLClassPath.disableClassPathURLCheck" value="true"/>
    <property name="user.script" value=""/>
    <property name="sun.management.compiler" value="HotSpot 64-Bit Tiered Compilers"/>
    <property name="java.runtime.version" value="17.0.10+7"/>
    <property name="user.name" value="ssonp"/>
    <property name="path.separator" value=";"/>
    <property name="os.version" value="10.0"/>
    <property name="java.runtime.name" value="OpenJDK Runtime Environment"/>
    <property name="file.encoding" value="UTF-8"/>
    <property name="java.vm.name" value="OpenJDK 64-Bit Server VM"/>
    <property name="java.vendor.version" value="Temurin-17.0.10+7"/>
    <property name="localRepository" value="C:\Users\ssonp\.m2\repository"/>
    <property name="java.vendor.url.bug" value="https://github.com/adoptium/adoptium-support/issues"/>
    <property name="java.io.tmpdir" value="C:\Users\ssonp\AppData\Local\Temp\"/>
    <property name="java.version" value="17.0.10"/>
    <property name="user.dir" value="D:\GithubProjects\API-Automation-Testing"/>
    <property name="os.arch" value="amd64"/>
    <property name="java.vm.specification.name" value="Java Virtual Machine Specification"/>
    <property name="sun.os.patch.level" value=""/>
    <property name="native.encoding" value="UTF-8"/>
    <property name="java.library.path" value="C:\Users\ssonp\AppData\Local\Programs\Eclipse Adoptium\jdk-17.0.10.7-hotspot\bin;C:\WINDOWS\Sun\Java\bin;C:\WINDOWS\system32;C:\WINDOWS;C:\Program Files (x86)\Common Files\Oracle\Java\java8path;C:\Program Files (x86)\Common Files\Oracle\Java\javapath;C:\WINDOWS\system32;C:\WINDOWS;C:\WINDOWS\System32\Wbem;C:\WINDOWS\System32\WindowsPowerShell\v1.0\;C:\WINDOWS\System32\OpenSSH\;C:\Program Files\Process Lasso\;C:\Program Files\dotnet\;C:\Users\ssonp\AppData\Local\Programs\Eclipse Adoptium\jdk-17.0.10.7-hotspot;\bin;C:\Users\ssonp\AppData\Local\Programs\Eclipse Adoptium\jdk-17.0.10.7-hotspot\bin;%MAVEN_HOME%\bin;C:\Program Files\nodejs\;C:\apache-maven-3.9.6\bin;C:\Program Files\Cloudflare\Cloudflare WARP\;C:\Program Files\Git\cmd;C:\Users\ssonp\AppData\Local\Programs\Eclipse Adoptium\jdk-17.0.10.7-hotspot\bin;G:\Microsoft VS Code\bin;C:\Users\ssonp\AppData\Local\GitHubDesktop\bin;C:\Users\ssonp\AppData\Local\Microsoft\WindowsApps;C:\Users\ssonp\AppData\Roaming\npm;C:\apache-maven-3.9.6\bin;;."/>
    <property name="java.vm.info" value="mixed mode, sharing"/>
    <property name="java.vendor" value="Eclipse Adoptium"/>
    <property name="java.vm.version" value="17.0.10+7"/>
    <property name="sun.io.unicode.encoding" value="UnicodeLittle"/>
    <property name="java.class.version" value="61.0"/>
  </properties>
  <testcase name="positiveTest" classname="api.test.main.workers.ChainingTestWorker" time="0.289">
    <system-out><![CDATA[
Lastest saved modified time:  2024-09-23 16.54.05
Lastest online modified time: 2024-09-23 16.54.05

Switch to (OFFLINE) mode because it haven't been modified
[IndependentFetchController] Fetching end

Lastest saved modified time:  2024-09-23 16.54.05
Lastest online modified time: 2024-09-23 16.54.05

Switch to (OFFLINE) mode because it haven't been modified
Here:
1
Find, change password of an account with username "hoangtest"
/authenapi/userapi/findDataListExport
{
  "recordPerPage": "15",
  "pageNum": 1,
  "filters": [
  {
  "colname": "loginusername",
  "operator": "like",
  "value": "hoangtest"
  }
  ],
  "sorts": [
  {
  "colname": "id",
  "value": "desc"
  }
  ]
 }
YES
data[0].id, data[0].loginusername

Here:
2

/authenapi/userapi/merge
{
  "id": "${data[0].id}",
  "loginusername": "${data[0].loginusername}",
  "password": "5994471abb01112afcc18159f6cc74b4f511b99806da59b3caf5a9c173cacfc5",
  "isvalidated": "true"
 }
YES
password

Here:
3

/authenapi/userapi/findDataListExport
{
  "recordPerPage": "15",
  "pageNum": 1,
  "filters": [
  {
  "colname": "username",
  "operator": "like",
  "value": "${data[0].id}"
  }
  ],
  "sorts": [
  {
  "colname": "id",
  "value": "desc"
  }
  ]
 }
YES

password, data[0].id
Here:
1
Find, change content of an post named "AutoTest_27_8_2024"
/authenapi/PostManagementApi/findDataList
{
    "recordPerPage": "10",
    "pageNum": 1,
    "filters": [
        {
            "colname": "posttype",
            "operator": "=",
            "value": "expertsvisions"
        },
        {
            "colname": "posttitle",
            "operator": "=",
            "value": "AutoTest_27_8_2014"
        }
    ],
    "sorts": []
}
YES
data[0].posttitle, data[0].id

Here:
2

/authenapi/PostManagementApi/savePost
{
    "thumbnailurl": "https://image.vick.vn/21232f297a57a5a743894a0e4a801fc3/thumbnail-goc-nhin-chuyen-gia_29722023874120004.png",
    "posttitle": "${data[0].posttitle}",
    "id": "${data[0].id}",
    "posttype": "expertsvisions",
    "postid": "expertsvisions_14425_20240821_1724230145685",
    "postcontent": "&lt;p&gt;Son test goc nhin chuyen gia (edited)&lt;/p&gt;",
    "pendingcontent": "&lt;p&gt;Son test goc nhin chuyen gia (edited)&lt;/p&gt;"
}
YES
postcontent

Here:
3

/authenapi/PostManagementApi/findDataList
{
    "recordPerPage": "10",
    "pageNum": 1,
    "filters": [
        {
            "colname": "posttype",
            "operator": "=",
            "value": "expertsvisions"
        },
        {
            "colname": "posttitle",
            "operator": "=",
            "value": "AutoTest_27_8_2014"
        }
    ],
    "sorts": []
}
YES

postcontent
[ChainingFetchController] Fetching end
› Already logged in
Finish validating session !
[CustomReporter] Start generating report...

Req: /authenapi/userapi/findDataListExport, c-expectResult: 408000

Req: /authenapi/userapi/findDataListExport, c-setVarList: 4000

Req: /authenapi/userapi/findDataListExport, c-getVarValue: 1527900

Req: /authenapi/userapi/findDataListExport, c-exportVar: 902100

Req: /authenapi/userapi/findDataListExport, time: 5005900

Req: /authenapi/userapi/merge, c-expectResult: 12100

Req: /authenapi/userapi/merge, c-setVarList: 600

Req: /authenapi/userapi/merge, c-getVarValue: 58000

Req: /authenapi/userapi/merge, c-exportVar: 9400

Req: /authenapi/userapi/merge, time: 404600

Req: /authenapi/userapi/findDataListExport, time: 1385300
]]></system-out>
    <system-err><![CDATA[[DatabaseUtil] Error while trying to get server: Exception opening port "9092" (port may be in use), cause: "java.net.BindException: Address already in use: bind" [90061-232]
[DatabaseUtil] Error while trying to get connection: Connection is broken: "java.net.SocketException: An established connection was aborted by the software in your host machine: localhost" [90067-232]
]]></system-err>
  </testcase>
  <testcase name="positiveTest" classname="api.test.main.workers.ChainingTestWorker" time="0.759">
    <system-out><![CDATA[
Req: /authenapi/PostManagementApi/findDataList, c-expectResult: 12400

Req: /authenapi/PostManagementApi/findDataList, c-setVarList: 700

Req: /authenapi/PostManagementApi/findDataList, c-getVarValue: 653500

Req: /authenapi/PostManagementApi/findDataList, c-exportVar: 12900

Req: /authenapi/PostManagementApi/findDataList, time: 1014400

Req: /authenapi/PostManagementApi/savePost, c-expectResult: 7500

Req: /authenapi/PostManagementApi/savePost, c-setVarList: 300

Req: /authenapi/PostManagementApi/savePost, c-getVarValue: 81200

Req: /authenapi/PostManagementApi/savePost, c-exportVar: 7000

Req: /authenapi/PostManagementApi/savePost, time: 264600

Req: /authenapi/PostManagementApi/findDataList, time: 141200
]]></system-out>
  </testcase>
  <testcase name="positiveTest" classname="api.test.main.workers.IndependentTestWorker" time="0.079">
    <failure message="The following asserts failed:&#10;	      Expected: 36 keys&#10;      Actual: 37 keys&#10;      Missing: [content.data[0].id]" type="java.lang.Throwable"><![CDATA[java.lang.Throwable: 
The following asserts failed:
	      Expected: 36 keys
      Actual: 37 keys
      Missing: [content.data[0].id]
]]></failure>
  </testcase>
  <testcase name="positiveTest" classname="api.test.main.workers.IndependentTestWorker" time="0.05"/>
  <testcase name="positiveTest" classname="api.test.main.workers.IndependentTestWorker" time="0.058"/>
  <testcase name="positiveTest" classname="api.test.main.workers.IndependentTestWorker" time="0.061"/>
</testsuite>